[=== Module python/3.10 loaded ===]
Step 1: Creating directory /tmp/cifar10
Step 2: Copying data from Network to Local SSD...
Step 3: Launching Training...
🚀 Running Experiment: cluster_run
⬇️  Initializing Data...
💿 Data Module loading from: /tmp/cifar10
✅ Data Loaded. Train batches: 1563
🔄 Starting Dummy Training Loop...
   Batch Shape: torch.Size([32, 3, 32, 32])
   Label Shape: torch.Size([32])
✅ Job Completed Successfully

======== GPU REPORT ========

==============NVSMI LOG==============

Timestamp                                 : Wed Feb 11 15:21:49 2026
Driver Version                            : 580.95.05
CUDA Version                              : 13.0

Attached GPUs                             : 1
GPU 00000000:3B:00.0
    Accounting Mode                       : Enabled
    Accounting Mode Buffer Size           : 4000
    Accounted Processes
        Process ID                        : 2205712
            GPU Utilization               : 0 %
            Memory Utilization            : 0 %
            Max memory usage              : 310 MiB
            Time                          : 2020 ms
            Is Running                    : 0

Wed Feb 11 15:21:49 2026       
+-----------------------------------------------------------------------------------------+
| NVIDIA-SMI 580.95.05              Driver Version: 580.95.05      CUDA Version: 13.0     |
+-----------------------------------------+------------------------+----------------------+
| GPU  Name                 Persistence-M | Bus-Id          Disp.A | Volatile Uncorr. ECC |
| Fan  Temp   Perf          Pwr:Usage/Cap |           Memory-Usage | GPU-Util  Compute M. |
|                                         |                        |               MIG M. |
|=========================================+========================+======================|
|   0  Tesla V100-SXM2-32GB           On  |   00000000:3B:00.0 Off |                    0 |
| N/A   39C    P0             57W /  300W |       0MiB /  32768MiB |      7%      Default |
|                                         |                        |                  N/A |
+-----------------------------------------+------------------------+----------------------+

+-----------------------------------------------------------------------------------------+
| Processes:                                                                              |
|  GPU   GI   CI              PID   Type   Process name                        GPU Memory |
|        ID   ID                                                               Usage      |
|=========================================================================================|
|  No running processes found                                                             |
+-----------------------------------------------------------------------------------------+
